<?xml version="1.0" encoding="UTF-8"?>
<!-- Generated by org.testng.reporters.JUnitReportReporter -->
<testsuite skipped="0" hostname="307-7" name="TestForCurse.AutoTest.TestRegContact" tests="6" failures="0" timestamp="27 окт 2018 18:13:49 GMT" time="50.596" errors="0">
  <testcase name="logIn" time="2.023" classname="TestForCurse.AutoTest.TestRegContact"/>
  <testcase name="logIn" time="2.543" classname="TestForCurse.AutoTest.TestRegContact"/>
  <testcase name="logIn" time="8.457" classname="TestForCurse.AutoTest.TestRegContact"/>
  <testcase name="testRegContatct" time="17.218" classname="TestForCurse.AutoTest.TestRegContact"/>
  <testcase name="testRemoveContact" time="14.903" classname="TestForCurse.AutoTest.TestRegContact"/>
  <testcase name="findUsers" time="5.452" classname="TestForCurse.AutoTest.TestRegContact"/>
</testsuite> <!-- TestForCurse.AutoTest.TestRegContact -->
