<?xml version="1.0" encoding="UTF-8"?>
<!-- Generated by org.testng.reporters.JUnitReportReporter -->
<testsuite skipped="0" hostname="307-7" name="TestForCurse.AutoTest.TestRegContact" tests="6" failures="0" timestamp="28 окт 2018 17:03:39 GMT" time="69.491" errors="0">
  <testcase name="logIn" time="9.599" classname="TestForCurse.AutoTest.TestRegContact"/>
  <testcase name="logIn" time="7.463" classname="TestForCurse.AutoTest.TestRegContact"/>
  <testcase name="logIn" time="7.496" classname="TestForCurse.AutoTest.TestRegContact"/>
  <testcase name="testRegContatct" time="21.377" classname="TestForCurse.AutoTest.TestRegContact"/>
  <testcase name="testRemoveContact" time="17.248" classname="TestForCurse.AutoTest.TestRegContact"/>
  <testcase name="findUsers" time="6.308" classname="TestForCurse.AutoTest.TestRegContact"/>
</testsuite> <!-- TestForCurse.AutoTest.TestRegContact -->
